<?xml version="1.0" encoding="UTF-8"?>
<!-- Generated by org.testng.reporters.JUnitReportReporter -->
<testsuite skipped="0" hostname="SrikanthSadaram" name="com.orangeHRM.testCases.Login" tests="1" failures="0" timestamp="21 Aug 2020 16:23:54 GMT" time="35.862" errors="0">
  <testcase name="login" time="35.862" classname="com.orangeHRM.testCases.Login"/>
</testsuite> <!-- com.orangeHRM.testCases.Login -->
