<?xml version="1.0" encoding="UTF-8"?>
<!-- Generated by org.testng.reporters.JUnitReportReporter -->
<testsuite skipped="0" hostname="SrikanthSadaram" name="com.orangeHRM.testCases.AddLeaveEntitlement" tests="1" failures="0" timestamp="22 Aug 2020 19:51:16 GMT" time="9.088" errors="0">
  <testcase name="addingLeaveEntitlement" time="9.088" classname="com.orangeHRM.testCases.AddLeaveEntitlement"/>
</testsuite> <!-- com.orangeHRM.testCases.AddLeaveEntitlement -->
