<?xml version="1.0" encoding="UTF-8"?>
<!-- Generated by org.testng.reporters.JUnitReportReporter -->
<testsuite skipped="0" hostname="SrikanthSadaram" name="com.orangeHRM.testCases.LeaveList" tests="1" failures="0" timestamp="22 Aug 2020 19:51:16 GMT" time="23.313" errors="0">
  <testcase name="cancelingLeave" time="23.313" classname="com.orangeHRM.testCases.LeaveList"/>
</testsuite> <!-- com.orangeHRM.testCases.LeaveList -->
