<?xml version="1.0" encoding="UTF-8"?>
<!-- Generated by org.testng.reporters.JUnitReportReporter -->
<testsuite skipped="0" hostname="SrikanthSadaram" name="com.orangeHRM.testCases.AssignLeave" tests="1" failures="0" timestamp="04 Sep 2020 14:41:19 GMT" time="11.950" errors="0">
  <testcase name="assigningLeave" time="11.950" classname="com.orangeHRM.testCases.AssignLeave"/>
</testsuite> <!-- com.orangeHRM.testCases.AssignLeave -->
