<?xml version="1.0" encoding="UTF-8"?>
<!-- Generated by org.testng.reporters.JUnitReportReporter -->
<testsuite skipped="0" hostname="SrikanthSadaram" name="com.orangeHRM.testCases.AddLeaveEntitlement" tests="1" failures="0" timestamp="04 Sep 2020 14:41:19 GMT" time="17.295" errors="0">
  <testcase name="addingLeaveEntitlement" time="17.295" classname="com.orangeHRM.testCases.AddLeaveEntitlement"/>
</testsuite> <!-- com.orangeHRM.testCases.AddLeaveEntitlement -->
