<?xml version="1.0" encoding="UTF-8"?>
<!-- Generated by org.testng.reporters.JUnitReportReporter -->
<testsuite skipped="0" hostname="SrikanthSadaram" name="com.orangeHRM.testCases.LeaveList" tests="1" failures="0" timestamp="04 Sep 2020 14:41:19 GMT" time="9.822" errors="0">
  <testcase name="cancelingLeave" time="9.822" classname="com.orangeHRM.testCases.LeaveList"/>
</testsuite> <!-- com.orangeHRM.testCases.LeaveList -->
