<?xml version="1.0" encoding="UTF-8"?>
<!-- Generated by org.testng.reporters.JUnitReportReporter -->
<testsuite skipped="0" hostname="SrikanthSadaram" name="com.orangeHRM.testCases.AssignLeave" tests="1" failures="0" timestamp="22 Aug 2020 19:51:17 GMT" time="14.046" errors="0">
  <testcase name="assigningLeave" time="14.046" classname="com.orangeHRM.testCases.AssignLeave"/>
</testsuite> <!-- com.orangeHRM.testCases.AssignLeave -->
