<?xml version="1.0" encoding="UTF-8"?>
<!-- Generated by org.testng.reporters.JUnitReportReporter -->
<testsuite skipped="0" hostname="SrikanthSadaram" name="com.orangeHRM.testCases.Add_Leave_Entitlement" tests="1" failures="0" timestamp="21 Aug 2020 19:20:45 GMT" time="11.532" errors="0">
  <testcase name="AddingLeaveEntitlement" time="11.532" classname="com.orangeHRM.testCases.Add_Leave_Entitlement"/>
</testsuite> <!-- com.orangeHRM.testCases.Add_Leave_Entitlement -->
